WePeiYang/lfapp/build/outputs/logs/manifest-merger-debug-report.txt
-- Merging decision tree log ---
manifest
ADDED from src/main/AndroidManifest.xml:2:1-16:12
	package
		ADDED from src/main/AndroidManifest.xml:2:70-97
		INJECTED from src/main/AndroidManifest.xml
		INJECTED from src/main/AndroidManifest.xml
	android:versionName
		INJECTED from src/main/AndroidManifest.xml
		INJECTED from src/main/AndroidManifest.xml
	xmlns:android
		ADDED from src/main/AndroidManifest.xml:2:11-69
	android:versionCode
		INJECTED from src/main/AndroidManifest.xml
		INJECTED from src/main/AndroidManifest.xml
application
ADDED from src/main/AndroidManifest.xml:4:5-14:19
MERGED from [WePeiYang:lostfound:unspecified] AndroidManifest.xml:29:5-43:19
MERGED from [com.android.support.constraint:constraint-layout:1.0.2] AndroidManifest.xml:9:5-20
MERGED from [com.twt.service:auth:1.1.0] AndroidManifest.xml:11:5-18:19
MERGED from [com.twt.service:mvvmkit:1.2.0] AndroidManifest.xml:11:5-15:19
MERGED from [me.tatarka.bindingcollectionadapter:bindingcollectionadapter-recyclerview:1.3.0] AndroidManifest.xml:12:5-20
MERGED from [me.tatarka.bindingcollectionadapter:bindingcollectionadapter:1.3.0] AndroidManifest.xml:12:5-20
MERGED from [com.twt.service:commons:1.2.0] AndroidManifest.xml:11:5-33:19
MERGED from [com.tencent.bugly:crashreport_upgrade:1.3.1] AndroidManifest.xml:19:5-54:19
MERGED from [com.tapadoo.android:alerter:1.0.3] AndroidManifest.xml:12:5-18:19
MERGED from [com.github.bumptech.glide:okhttp3-integration:1.4.0] AndroidManifest.xml:11:5-15:19
MERGED from [com.github.filippudak.progresspieview:library:1.0.4] AndroidManifest.xml:11:5-20
MERGED from [com.android.support:design:25.4.0] AndroidManifest.xml:25:5-29:19
MERGED from [com.android.support:transition:25.4.0] AndroidManifest.xml:22:5-26:19
MERGED from [com.android.support:cardview-v7:25.4.0] AndroidManifest.xml:22:5-26:19
MERGED from [com.github.clans:fab:1.6.4] AndroidManifest.xml:12:5-20
MERGED from [com.zhihu.android:matisse:0.4.3] AndroidManifest.xml:27:5-31:19
MERGED from [com.android.support:appcompat-v7:25.4.0] AndroidManifest.xml:25:5-29:19
MERGED from [com.android.support:animated-vector-drawable:25.4.0] AndroidManifest.xml:22:5-26:19
MERGED from [com.android.support:support-vector-drawable:25.4.0] AndroidManifest.xml:22:5-26:19
MERGED from [com.android.support:recyclerview-v7:25.4.0] AndroidManifest.xml:22:5-26:19
MERGED from [it.sephiroth.android.library.imagezoom:library:1.0.4] AndroidManifest.xml:5:5-19
MERGED from [it.sephiroth.android.library.easing:library:1.0.2] AndroidManifest.xml:5:5-6:19
MERGED from [com.android.support:support-v4:25.4.0] AndroidManifest.xml:25:5-29:19
MERGED from [com.android.support:support-fragment:25.4.0] AndroidManifest.xml:25:5-29:19
MERGED from [com.android.support:support-media-compat:25.4.0] AndroidManifest.xml:25:5-29:19
MERGED from [com.android.support:support-core-ui:25.4.0] AndroidManifest.xml:25:5-29:19
MERGED from [com.android.support:support-core-utils:25.4.0] AndroidManifest.xml:25:5-29:19
MERGED from [com.android.support:support-compat:25.4.0] AndroidManifest.xml:25:5-29:19
	android:label
		ADDED from src/main/AndroidManifest.xml:5:9-41
	android:supportsRtl
		ADDED from src/main/AndroidManifest.xml:6:9-35
	android:roundIcon
		ADDED from src/main/AndroidManifest.xml:5:42-87
	android:allowBackup
		ADDED from src/main/AndroidManifest.xml:4:18-44
	android:icon
		ADDED from src/main/AndroidManifest.xml:4:45-79
	android:theme
		ADDED from src/main/AndroidManifest.xml:6:36-67
activity#com.example.lfapp.LFapp_MainActivity
ADDED from src/main/AndroidManifest.xml:7:9-13:20
	android:name
		ADDED from src/main/AndroidManifest.xml:7:19-53
intent-filter#android.intent.action.MAIN+android.intent.category.LAUNCHER
ADDED from src/main/AndroidManifest.xml:8:13-12:29
action#android.intent.action.MAIN
ADDED from src/main/AndroidManifest.xml:9:17-69
	android:name
		ADDED from src/main/AndroidManifest.xml:9:25-66
category#android.intent.category.LAUNCHER
ADDED from src/main/AndroidManifest.xml:11:17-77
	android:name
		ADDED from src/main/AndroidManifest.xml:11:27-74
uses-sdk
INJECTED from src/main/AndroidManifest.xml reason: use-sdk injection requested
MERGED from [WePeiYang:lostfound:unspecified] AndroidManifest.xml:7:5-9:41
MERGED from [com.android.support.constraint:constraint-layout:1.0.2] AndroidManifest.xml:5:5-7:41
MERGED from [com.twt.service:auth:1.1.0] AndroidManifest.xml:7:5-9:41
MERGED from [com.twt.service:mvvmkit:1.2.0] AndroidManifest.xml:7:5-9:41
MERGED from [me.tatarka.bindingcollectionadapter:bindingcollectionadapter-recyclerview:1.3.0] AndroidManifest.xml:8:5-10:41
MERGED from [me.tatarka.bindingcollectionadapter:bindingcollectionadapter:1.3.0] AndroidManifest.xml:8:5-10:41
MERGED from [com.facebook.fresco:fresco:0.9.0] AndroidManifest.xml:5:5-7:41
MERGED from [com.facebook.fresco:drawee:0.9.0] AndroidManifest.xml:5:5-7:41
MERGED from [com.facebook.fresco:imagepipeline:0.9.0] AndroidManifest.xml:5:5-7:41
MERGED from [com.facebook.fresco:imagepipeline-base:0.9.0] AndroidManifest.xml:5:5-7:41
MERGED from [com.facebook.fresco:fbcore:0.9.0] AndroidManifest.xml:5:5-7:41
MERGED from [com.twt.service:commons:1.2.0] AndroidManifest.xml:7:5-9:41
MERGED from [com.alibaba.android:vlayout:1.0.4] AndroidManifest.xml:31:5-33:41
MERGED from [com.trello:rxlifecycle-components:1.0] AndroidManifest.xml:17:5-44
MERGED from [com.trello:rxlifecycle-android:1.0] AndroidManifest.xml:17:5-44
MERGED from [com.jakewharton.rxbinding:rxbinding:0.4.0] AndroidManifest.xml:6:5-44
MERGED from [com.orhanobut:logger:1.15] AndroidManifest.xml:6:5-43
MERGED from [com.tencent.bugly:crashreport_upgrade:1.3.1] AndroidManifest.xml:6:5-8:41
MERGED from [com.orhanobut:hawk:2.0.1] AndroidManifest.xml:6:5-44
MERGED from [com.facebook.conceal:conceal:1.1.3] AndroidManifest.xml:12:5-14:41
MERGED from [com.tapadoo.android:alerter:1.0.3] AndroidManifest.xml:7:5-10:72
MERGED from [com.github.GrenderG:Toasty:1.2.3] AndroidManifest.xml:8:5-10:41
MERGED from [com.alibaba:arouter-api:1.2.1] AndroidManifest.xml:6:5-8:41
MERGED from [com.github.piasy:GlideImageLoader:1.3.2] AndroidManifest.xml:31:5-33:41
MERGED from [com.github.bumptech.glide:okhttp3-integration:1.4.0] AndroidManifest.xml:7:5-9:41
MERGED from [com.github.piasy:ProgressPieIndicator:1.3.2] AndroidManifest.xml:31:5-33:41
MERGED from [com.github.piasy:BigImageViewer:1.3.2] AndroidManifest.xml:30:5-32:41
MERGED from [com.davemorrissey.labs:subsampling-scale-image-view:3.6.0] AndroidManifest.xml:7:5-9:41
MERGED from [com.github.filippudak.progresspieview:library:1.0.4] AndroidManifest.xml:7:5-9:41
MERGED from [com.android.support:design:25.4.0] AndroidManifest.xml:21:5-23:62
MERGED from [com.android.support:transition:25.4.0] AndroidManifest.xml:20:5-44
MERGED from [com.android.support:cardview-v7:25.4.0] AndroidManifest.xml:20:5-43
MERGED from [jp.wasabeef:glide-transformations:2.0.2] AndroidManifest.xml:8:5-10:41
MERGED from [com.jakewharton:butterknife:8.6.0] AndroidManifest.xml:5:5-43
MERGED from [io.reactivex:rxandroid:1.2.1] AndroidManifest.xml:19:5-43
MERGED from [com.github.clans:fab:1.6.4] AndroidManifest.xml:8:5-10:41
MERGED from [com.zhihu.android:matisse:0.4.3] AndroidManifest.xml:20:5-22:41
MERGED from [com.android.support:appcompat-v7:25.4.0] AndroidManifest.xml:21:5-23:78
MERGED from [com.android.support:animated-vector-drawable:25.4.0] AndroidManifest.xml:20:5-44
MERGED from [com.android.support:support-vector-drawable:25.4.0] AndroidManifest.xml:20:5-43
MERGED from [com.android.support:recyclerview-v7:25.4.0] AndroidManifest.xml:20:5-43
MERGED from [it.sephiroth.android.library.imagezoom:library:1.0.4] AndroidManifest.xml:3:5-72
MERGED from [it.sephiroth.android.library.easing:library:1.0.2] AndroidManifest.xml:3:5-72
MERGED from [com.android.databinding:adapters:1.3.1] AndroidManifest.xml:22:5-24:41
MERGED from [com.android.databinding:library:1.3.1] AndroidManifest.xml:22:5-24:41
MERGED from [com.android.support:support-v4:25.4.0] AndroidManifest.xml:21:5-23:54
MERGED from [com.android.support:support-fragment:25.4.0] AndroidManifest.xml:21:5-23:60
MERGED from [com.android.support:support-media-compat:25.4.0] AndroidManifest.xml:21:5-23:63
MERGED from [com.android.support:support-core-ui:25.4.0] AndroidManifest.xml:21:5-23:58
MERGED from [com.android.support:support-core-utils:25.4.0] AndroidManifest.xml:21:5-23:61
MERGED from [com.android.support:support-compat:25.4.0] AndroidManifest.xml:21:5-23:58
	tools:overrideLibrary
		ADDED from [com.tapadoo.android:alerter:1.0.3] AndroidManifest.xml:10:9-69
	android:targetSdkVersion
		INJECTED from src/main/AndroidManifest.xml
		INJECTED from src/main/AndroidManifest.xml
	android:minSdkVersion
		INJECTED from src/main/AndroidManifest.xml
		INJECTED from src/main/AndroidManifest.xml
activity#com.twtstudio.tjwhm.lostfound.waterfall.WaterfallActivity
ADDED from [WePeiYang:lostfound:unspecified] AndroidManifest.xml:34:9-94
	android:name
		ADDED from [WePeiYang:lostfound:unspecified] AndroidManifest.xml:34:19-91
activity#com.twtstudio.tjwhm.lostfound.mylist.MylistActivity
ADDED from [WePeiYang:lostfound:unspecified] AndroidManifest.xml:35:9-88
	android:name
		ADDED from [WePeiYang:lostfound:unspecified] AndroidManifest.xml:35:19-85
activity#com.twtstudio.tjwhm.lostfound.search.SearchActivity
ADDED from [WePeiYang:lostfound:unspecified] AndroidManifest.xml:36:9-88
	android:name
		ADDED from [WePeiYang:lostfound:unspecified] AndroidManifest.xml:36:19-85
activity#com.twtstudio.tjwhm.lostfound.release.ReleaseActivity
ADDED from [WePeiYang:lostfound:unspecified] AndroidManifest.xml:37:9-40:20
	android:windowSoftInputMode
		ADDED from [WePeiYang:lostfound:unspecified] AndroidManifest.xml:39:13-60
	android:name
		ADDED from [WePeiYang:lostfound:unspecified] AndroidManifest.xml:38:13-81
activity#com.twtstudio.tjwhm.lostfound.success.SuccessActivity
ADDED from [WePeiYang:lostfound:unspecified] AndroidManifest.xml:41:9-90
	android:name
		ADDED from [WePeiYang:lostfound:unspecified] AndroidManifest.xml:41:19-87
activity#com.twtstudio.tjwhm.lostfound.detail.DetailActivity
ADDED from [WePeiYang:lostfound:unspecified] AndroidManifest.xml:42:9-88
	android:name
		ADDED from [WePeiYang:lostfound:unspecified] AndroidManifest.xml:42:19-85
activity#com.twtstudio.retrox.auth.login.LoginActivity
ADDED from [com.twt.service:auth:1.1.0] AndroidManifest.xml:15:9-17:49
	android:theme
		ADDED from [com.twt.service:auth:1.1.0] AndroidManifest.xml:17:13-46
	android:name
		ADDED from [com.twt.service:auth:1.1.0] AndroidManifest.xml:16:13-73
activity#com.umeng.qq.tencent.AuthActivity
ADDED from [com.twt.service:commons:1.2.0] AndroidManifest.xml:15:9-27:20
	android:launchMode
		ADDED from [com.twt.service:commons:1.2.0] AndroidManifest.xml:17:13-44
	android:noHistory
		ADDED from [com.twt.service:commons:1.2.0] AndroidManifest.xml:18:13-37
	android:name
		ADDED from [com.twt.service:commons:1.2.0] AndroidManifest.xml:16:13-61
intent-filter#android.intent.action.VIEW+android.intent.category.BROWSABLE+android.intent.category.DEFAULT
ADDED from [com.twt.service:commons:1.2.0] AndroidManifest.xml:19:13-26:29
action#android.intent.action.VIEW
ADDED from [com.twt.service:commons:1.2.0] AndroidManifest.xml:20:17-69
	android:name
		ADDED from [com.twt.service:commons:1.2.0] AndroidManifest.xml:20:25-66
category#android.intent.category.DEFAULT
ADDED from [com.twt.service:commons:1.2.0] AndroidManifest.xml:22:17-76
	android:name
		ADDED from [com.twt.service:commons:1.2.0] AndroidManifest.xml:22:27-73
category#android.intent.category.BROWSABLE
ADDED from [com.twt.service:commons:1.2.0] AndroidManifest.xml:23:17-78
	android:name
		ADDED from [com.twt.service:commons:1.2.0] AndroidManifest.xml:23:27-75
data
ADDED from [com.twt.service:commons:1.2.0] AndroidManifest.xml:25:17-60
	android:scheme
		ADDED from [com.twt.service:commons:1.2.0] AndroidManifest.xml:25:23-57
activity#com.umeng.qq.tencent.AssistActivity
ADDED from [com.twt.service:commons:1.2.0] AndroidManifest.xml:28:9-32:75
	android:screenOrientation
		ADDED from [com.twt.service:commons:1.2.0] AndroidManifest.xml:31:13-49
	android:configChanges
		ADDED from [com.twt.service:commons:1.2.0] AndroidManifest.xml:30:13-74
	android:theme
		ADDED from [com.twt.service:commons:1.2.0] AndroidManifest.xml:32:13-72
	android:name
		ADDED from [com.twt.service:commons:1.2.0] AndroidManifest.xml:29:13-63
uses-permission#android.permission.READ_PHONE_STATE
ADDED from [com.tencent.bugly:crashreport_upgrade:1.3.1] AndroidManifest.xml:11:5-75
	android:name
		ADDED from [com.tencent.bugly:crashreport_upgrade:1.3.1] AndroidManifest.xml:11:22-72
uses-permission#android.permission.INTERNET
ADDED from [com.tencent.bugly:crashreport_upgrade:1.3.1] AndroidManifest.xml:12:5-67
MERGED from [com.github.piasy:BigImageViewer:1.3.2] AndroidManifest.xml:34:5-67
	android:name
		ADDED from [com.tencent.bugly:crashreport_upgrade:1.3.1] AndroidManifest.xml:12:22-64
uses-permission#android.permission.ACCESS_NETWORK_STATE
ADDED from [com.tencent.bugly:crashreport_upgrade:1.3.1] AndroidManifest.xml:13:5-79
	android:name
		ADDED from [com.tencent.bugly:crashreport_upgrade:1.3.1] AndroidManifest.xml:13:22-76
uses-permission#android.permission.ACCESS_WIFI_STATE
ADDED from [com.tencent.bugly:crashreport_upgrade:1.3.1] AndroidManifest.xml:14:5-76
	android:name
		ADDED from [com.tencent.bugly:crashreport_upgrade:1.3.1] AndroidManifest.xml:14:22-73
uses-permission#android.permission.READ_LOGS
ADDED from [com.tencent.bugly:crashreport_upgrade:1.3.1] AndroidManifest.xml:15:5-68
	android:name
		ADDED from [com.tencent.bugly:crashreport_upgrade:1.3.1] AndroidManifest.xml:15:22-65
uses-permission#android.permission.WRITE_EXTERNAL_STORAGE
ADDED from [com.tencent.bugly:crashreport_upgrade:1.3.1] AndroidManifest.xml:16:5-81
MERGED from [com.github.piasy:BigImageViewer:1.3.2] AndroidManifest.xml:35:5-81
MERGED from [com.zhihu.android:matisse:0.4.3] AndroidManifest.xml:24:5-81
	android:name
		ADDED from [com.tencent.bugly:crashreport_upgrade:1.3.1] AndroidManifest.xml:16:22-78
activity#com.tencent.bugly.beta.ui.BetaActivity
ADDED from [com.tencent.bugly:crashreport_upgrade:1.3.1] AndroidManifest.xml:22:9-26:56
	android:configChanges
		ADDED from [com.tencent.bugly:crashreport_upgrade:1.3.1] AndroidManifest.xml:24:13-81
	android:theme
		ADDED from [com.tencent.bugly:crashreport_upgrade:1.3.1] AndroidManifest.xml:25:13-61
	tools:replace
		ADDED from [com.tencent.bugly:crashreport_upgrade:1.3.1] AndroidManifest.xml:26:13-53
	android:name
		ADDED from [com.tencent.bugly:crashreport_upgrade:1.3.1] AndroidManifest.xml:23:13-66
provider#com.tencent.bugly.beta.utils.BuglyFileProvider
ADDED from [com.tencent.bugly:crashreport_upgrade:1.3.1] AndroidManifest.xml:28:9-38:20
	android:authorities
		ADDED from [com.tencent.bugly:crashreport_upgrade:1.3.1] AndroidManifest.xml:30:13-64
	android:grantUriPermissions
		ADDED from [com.tencent.bugly:crashreport_upgrade:1.3.1] AndroidManifest.xml:32:13-47
	android:exported
		ADDED from [com.tencent.bugly:crashreport_upgrade:1.3.1] AndroidManifest.xml:31:13-37
	tools:replace
		ADDED from [com.tencent.bugly:crashreport_upgrade:1.3.1] AndroidManifest.xml:33:13-74
	android:name
		ADDED from [com.tencent.bugly:crashreport_upgrade:1.3.1] AndroidManifest.xml:29:13-74
meta-data#android.support.FILE_PROVIDER_PATHS
ADDED from [com.tencent.bugly:crashreport_upgrade:1.3.1] AndroidManifest.xml:34:13-37:49
	android:resource
		ADDED from [com.tencent.bugly:crashreport_upgrade:1.3.1] AndroidManifest.xml:36:17-55
	tools:replace
		ADDED from [com.tencent.bugly:crashreport_upgrade:1.3.1] AndroidManifest.xml:37:17-46
	android:name
		ADDED from [com.tencent.bugly:crashreport_upgrade:1.3.1] AndroidManifest.xml:35:17-67
service#com.tencent.bugly.beta.tinker.TinkerResultService
ADDED from [com.tencent.bugly:crashreport_upgrade:1.3.1] AndroidManifest.xml:40:9-42:40
	android:exported
		ADDED from [com.tencent.bugly:crashreport_upgrade:1.3.1] AndroidManifest.xml:42:13-37
	android:name
		ADDED from [com.tencent.bugly:crashreport_upgrade:1.3.1] AndroidManifest.xml:41:13-77
service#com.tencent.tinker.lib.service.TinkerPatchService
ADDED from [com.tencent.bugly:crashreport_upgrade:1.3.1] AndroidManifest.xml:43:9-46:40
	android:process
		ADDED from [com.tencent.bugly:crashreport_upgrade:1.3.1] AndroidManifest.xml:46:13-37
	android:exported
		ADDED from [com.tencent.bugly:crashreport_upgrade:1.3.1] AndroidManifest.xml:45:13-37
	android:name
		ADDED from [com.tencent.bugly:crashreport_upgrade:1.3.1] AndroidManifest.xml:44:13-77
service#com.tencent.tinker.lib.service.TinkerPatchService$InnerService
ADDED from [com.tencent.bugly:crashreport_upgrade:1.3.1] AndroidManifest.xml:47:9-50:40
	android:process
		ADDED from [com.tencent.bugly:crashreport_upgrade:1.3.1] AndroidManifest.xml:50:13-37
	android:exported
		ADDED from [com.tencent.bugly:crashreport_upgrade:1.3.1] AndroidManifest.xml:49:13-37
	android:name
		ADDED from [com.tencent.bugly:crashreport_upgrade:1.3.1] AndroidManifest.xml:48:13-90
service#com.tencent.tinker.lib.service.DefaultTinkerResultService
ADDED from [com.tencent.bugly:crashreport_upgrade:1.3.1] AndroidManifest.xml:51:9-53:40
	android:exported
		ADDED from [com.tencent.bugly:crashreport_upgrade:1.3.1] AndroidManifest.xml:53:13-37
	android:name
		ADDED from [com.tencent.bugly:crashreport_upgrade:1.3.1] AndroidManifest.xml:52:13-85
uses-permission#android.permission.READ_EXTERNAL_STORAGE
IMPLIED from src/main/AndroidManifest.xml:2:1-16:12 reason: com.tencent.bugly.beta requested WRITE_EXTERNAL_STORAGE
MERGED from [com.zhihu.android:matisse:0.4.3] AndroidManifest.xml:25:5-80
activity#com.tapadoo.android.MockActivity
ADDED from [com.tapadoo.android:alerter:1.0.3] AndroidManifest.xml:15:9-17:59
	android:theme
		ADDED from [com.tapadoo.android:alerter:1.0.3] AndroidManifest.xml:17:13-56
	android:name
		ADDED from [com.tapadoo.android:alerter:1.0.3] AndroidManifest.xml:16:13-60
meta-data#com.bumptech.glide.integration.okhttp3.OkHttpGlideModule
ADDED from [com.github.bumptech.glide:okhttp3-integration:1.4.0] AndroidManifest.xml:12:9-14:43
	android:value
		ADDED from [com.github.bumptech.glide:okhttp3-integration:1.4.0] AndroidManifest.xml:14:13-40
	android:name
		ADDED from [com.github.bumptech.glide:okhttp3-integration:1.4.0] AndroidManifest.xml:13:13-84
meta-data#android.support.VERSION
ADDED from [com.android.support:design:25.4.0] AndroidManifest.xml:26:9-28:38
MERGED from [com.android.support:transition:25.4.0] AndroidManifest.xml:23:9-25:38
MERGED from [com.android.support:cardview-v7:25.4.0] AndroidManifest.xml:23:9-25:38
MERGED from [com.android.support:appcompat-v7:25.4.0] AndroidManifest.xml:26:9-28:38
MERGED from [com.android.support:animated-vector-drawable:25.4.0] AndroidManifest.xml:23:9-25:38
MERGED from [com.android.support:support-vector-drawable:25.4.0] AndroidManifest.xml:23:9-25:38
MERGED from [com.android.support:recyclerview-v7:25.4.0] AndroidManifest.xml:23:9-25:38
MERGED from [com.android.support:support-v4:25.4.0] AndroidManifest.xml:26:9-28:38
MERGED from [com.android.support:support-fragment:25.4.0] AndroidManifest.xml:26:9-28:38
MERGED from [com.android.support:support-media-compat:25.4.0] AndroidManifest.xml:26:9-28:38
MERGED from [com.android.support:support-core-ui:25.4.0] AndroidManifest.xml:26:9-28:38
MERGED from [com.android.support:support-core-utils:25.4.0] AndroidManifest.xml:26:9-28:38
MERGED from [com.android.support:support-compat:25.4.0] AndroidManifest.xml:26:9-28:38
	android:value
		ADDED from [com.android.support:design:25.4.0] AndroidManifest.xml:28:13-35
	android:name
		ADDED from [com.android.support:design:25.4.0] AndroidManifest.xml:27:13-51
activity#com.zhihu.matisse.ui.MatisseActivity
ADDED from [com.zhihu.android:matisse:0.4.3] AndroidManifest.xml:28:9-73
	android:name
		ADDED from [com.zhihu.android:matisse:0.4.3] AndroidManifest.xml:28:19-70
activity#com.zhihu.matisse.internal.ui.AlbumPreviewActivity
ADDED from [com.zhihu.android:matisse:0.4.3] AndroidManifest.xml:29:9-87
	android:name
		ADDED from [com.zhihu.android:matisse:0.4.3] AndroidManifest.xml:29:19-84
activity#com.zhihu.matisse.internal.ui.SelectedPreviewActivity
ADDED from [com.zhihu.android:matisse:0.4.3] AndroidManifest.xml:30:9-90
	android:name
		ADDED from [com.zhihu.android:matisse:0.4.3] AndroidManifest.xml:30:19-87